<?xml version="1.0" encoding="UTF-8"?>
<!-- Generated by org.testng.reporters.JUnitXMLReporter -->
<testsuite ignored="68" hostname="AJEET" failures="1" tests="1" name="Piramal API Automation" time="4.351" errors="0" timestamp="2023-02-09T16:45:57 IST">
  <testcase classname="case_module.CaseCreate" name="nullCaseNumber" time="4.073">
    <failure type="java.net.ConnectException" message="Connection refused: connect">
      <![CDATA[java.net.ConnectException: Connection refused: connect
at java.base/java.net.PlainSocketImpl.connect0(Native Method)
at java.base/java.net.PlainSocketImpl.socketConnect(PlainSocketImpl.java:101)
at java.base/java.net.AbstractPlainSocketImpl.doConnect(AbstractPlainSocketImpl.java:412)
at java.base/java.net.AbstractPlainSocketImpl.connectToAddress(AbstractPlainSocketImpl.java:255)
at java.base/java.net.AbstractPlainSocketImpl.connect(AbstractPlainSocketImpl.java:237)
at java.base/java.net.SocksSocketImpl.connect(SocksSocketImpl.java:392)
at java.base/java.net.Socket.connect(Socket.java:608)
at org.apache.http.conn.scheme.PlainSocketFactory.connectSocket(PlainSocketFactory.java:121)
at org.apache.http.impl.conn.DefaultClientConnectionOperator.openConnection(DefaultClientConnectionOperator.java:180)
at org.apache.http.impl.conn.ManagedClientConnectionImpl.open(ManagedClientConnectionImpl.java:326)
at org.apache.http.impl.client.DefaultRequestDirector.tryConnect(DefaultRequestDirector.java:605)
at org.apache.http.impl.client.DefaultRequestDirector.execute(DefaultRequestDirector.java:440)
at org.apache.http.impl.client.AbstractHttpClient.doExecute(AbstractHttpClient.java:835)
at org.apache.http.impl.client.CloseableHttpClient.execute(CloseableHttpClient.java:83)
at io.restassured.internal.RestAssuredHttpBuilder.doRequest(RestAssuredHttpBuilder.java:141)
at io.restassured.internal.http.HTTPBuilder.post(HTTPBuilder.java:349)
at io.restassured.internal.http.HTTPBuilder$post$2.call(Unknown Source)
at org.codehaus.groovy.runtime.callsite.CallSiteArray.defaultCall(CallSiteArray.java:45)
at org.codehaus.groovy.runtime.callsite.AbstractCallSite.call(AbstractCallSite.java:125)
at org.codehaus.groovy.runtime.callsite.AbstractCallSite.call(AbstractCallSite.java:148)
at io.restassured.internal.RequestSpecificationImpl.sendRequest(RequestSpecificationImpl.groovy:1209)
at io.restassured.internal.RequestSpecificationImpl.this$2$sendRequest(RequestSpecificationImpl.groovy)
at java.base/jdk.internal.reflect.NativeMethodAccessorImpl.invoke0(Native Method)
at java.base/jdk.internal.reflect.NativeMethodAccessorImpl.invoke(NativeMethodAccessorImpl.java:62)
at java.base/jdk.internal.reflect.DelegatingMethodAccessorImpl.invoke(DelegatingMethodAccessorImpl.java:43)
at java.base/java.lang.reflect.Method.invoke(Method.java:566)
at org.codehaus.groovy.reflection.CachedMethod.invoke(CachedMethod.java:343)
at groovy.lang.MetaMethod.doMethodInvoke(MetaMethod.java:328)
at groovy.lang.MetaClassImpl.doInvokeMethod(MetaClassImpl.java:1348)
at groovy.lang.MetaClassImpl.invokeMethod(MetaClassImpl.java:1103)
at groovy.lang.MetaClassImpl.invokeMethod(MetaClassImpl.java:1009)
at groovy.lang.MetaClassImpl.invokeMethod(MetaClassImpl.java:792)
at io.restassured.internal.RequestSpecificationImpl.invokeMethod(RequestSpecificationImpl.groovy)
at org.codehaus.groovy.runtime.callsite.PogoInterceptableSite.call(PogoInterceptableSite.java:46)
at org.codehaus.groovy.runtime.callsite.CallSiteArray.defaultCall(CallSiteArray.java:45)
at org.codehaus.groovy.runtime.callsite.AbstractCallSite.call(AbstractCallSite.java:125)
at org.codehaus.groovy.runtime.callsite.AbstractCallSite.call(AbstractCallSite.java:166)
at io.restassured.internal.filter.SendRequestFilter.filter(SendRequestFilter.groovy:30)
at io.restassured.filter.Filter$filter$0.call(Unknown Source)
at org.codehaus.groovy.runtime.callsite.CallSiteArray.defaultCall(CallSiteArray.java:45)
at io.restassured.filter.Filter$filter.call(Unknown Source)
at io.restassured.internal.filter.FilterContextImpl.next(FilterContextImpl.groovy:72)
at io.restassured.filter.time.TimingFilter.filter(TimingFilter.java:56)
at io.restassured.filter.Filter$filter.call(Unknown Source)
at org.codehaus.groovy.runtime.callsite.CallSiteArray.defaultCall(CallSiteArray.java:45)
at io.restassured.filter.Filter$filter$0.call(Unknown Source)
at io.restassured.internal.filter.FilterContextImpl.next(FilterContextImpl.groovy:72)
at io.restassured.filter.FilterContext$next.call(Unknown Source)
at org.codehaus.groovy.runtime.callsite.CallSiteArray.defaultCall(CallSiteArray.java:45)
at org.codehaus.groovy.runtime.callsite.AbstractCallSite.call(AbstractCallSite.java:125)
at org.codehaus.groovy.runtime.callsite.AbstractCallSite.call(AbstractCallSite.java:148)
at io.restassured.internal.filter.CsrfFilter.filter(CsrfFilter.groovy:70)
at io.restassured.filter.Filter$filter$0.call(Unknown Source)
at org.codehaus.groovy.runtime.callsite.CallSiteArray.defaultCall(CallSiteArray.java:45)
at io.restassured.filter.Filter$filter.call(Unknown Source)
at io.restassured.internal.filter.FilterContextImpl.next(FilterContextImpl.groovy:72)
at io.restassured.filter.log.RequestLoggingFilter.filter(RequestLoggingFilter.java:146)
at io.restassured.filter.Filter$filter.call(Unknown Source)
at org.codehaus.groovy.runtime.callsite.CallSiteArray.defaultCall(CallSiteArray.java:45)
at org.codehaus.groovy.runtime.callsite.AbstractCallSite.call(AbstractCallSite.java:125)
at org.codehaus.groovy.runtime.callsite.AbstractCallSite.call(AbstractCallSite.java:157)
at io.restassured.internal.filter.FilterContextImpl.next(FilterContextImpl.groovy:72)
at io.restassured.filter.FilterContext$next.call(Unknown Source)
at org.codehaus.groovy.runtime.callsite.CallSiteArray.defaultCall(CallSiteArray.java:45)
at org.codehaus.groovy.runtime.callsite.AbstractCallSite.call(AbstractCallSite.java:125)
at org.codehaus.groovy.runtime.callsite.AbstractCallSite.call(AbstractCallSite.java:148)
at io.restassured.internal.RequestSpecificationImpl.applyPathParamsAndSendRequest(RequestSpecificationImpl.groovy:1704)
at io.restassured.internal.RequestSpecificationImpl.this$2$applyPathParamsAndSendRequest(RequestSpecificationImpl.groovy)
at java.base/jdk.internal.reflect.NativeMethodAccessorImpl.invoke0(Native Method)
at java.base/jdk.internal.reflect.NativeMethodAccessorImpl.invoke(NativeMethodAccessorImpl.java:62)
at java.base/jdk.internal.reflect.DelegatingMethodAccessorImpl.invoke(DelegatingMethodAccessorImpl.java:43)
at java.base/java.lang.reflect.Method.invoke(Method.java:566)
at org.codehaus.groovy.reflection.CachedMethod.invoke(CachedMethod.java:343)
at groovy.lang.MetaMethod.doMethodInvoke(MetaMethod.java:328)
at groovy.lang.MetaClassImpl.doInvokeMethod(MetaClassImpl.java:1348)
at groovy.lang.MetaClassImpl.invokeMethod(MetaClassImpl.java:1103)
at groovy.lang.MetaClassImpl.invokeMethod(MetaClassImpl.java:1009)
at groovy.lang.MetaClassImpl.invokeMethod(MetaClassImpl.java:792)
at io.restassured.internal.RequestSpecificationImpl.invokeMethod(RequestSpecificationImpl.groovy)
at org.codehaus.groovy.runtime.callsite.PogoInterceptableSite.call(PogoInterceptableSite.java:46)
at org.codehaus.groovy.runtime.callsite.PogoInterceptableSite.callCurrent(PogoInterceptableSite.java:57)
at org.codehaus.groovy.runtime.callsite.CallSiteArray.defaultCallCurrent(CallSiteArray.java:49)
at org.codehaus.groovy.runtime.callsite.AbstractCallSite.callCurrent(AbstractCallSite.java:171)
at org.codehaus.groovy.runtime.callsite.AbstractCallSite.callCurrent(AbstractCallSite.java:203)
at io.restassured.internal.RequestSpecificationImpl.applyPathParamsAndSendRequest(RequestSpecificationImpl.groovy:1710)
at io.restassured.internal.RequestSpecificationImpl.this$2$applyPathParamsAndSendRequest(RequestSpecificationImpl.groovy)
at java.base/jdk.internal.reflect.NativeMethodAccessorImpl.invoke0(Native Method)
at java.base/jdk.internal.reflect.NativeMethodAccessorImpl.invoke(NativeMethodAccessorImpl.java:62)
at java.base/jdk.internal.reflect.DelegatingMethodAccessorImpl.invoke(DelegatingMethodAccessorImpl.java:43)
at java.base/java.lang.reflect.Method.invoke(Method.java:566)
at org.codehaus.groovy.reflection.CachedMethod.invoke(CachedMethod.java:343)
at groovy.lang.MetaMethod.doMethodInvoke(MetaMethod.java:328)
at groovy.lang.MetaClassImpl.doInvokeMethod(MetaClassImpl.java:1348)
at groovy.lang.MetaClassImpl.invokeMethod(MetaClassImpl.java:1103)
at groovy.lang.MetaClassImpl.invokeMethod(MetaClassImpl.java:1009)
at groovy.lang.MetaClassImpl.invokeMethod(MetaClassImpl.java:792)
at io.restassured.internal.RequestSpecificationImpl.invokeMethod(RequestSpecificationImpl.groovy)
at org.codehaus.groovy.runtime.callsite.PogoInterceptableSite.call(PogoInterceptableSite.java:46)
at org.codehaus.groovy.runtime.callsite.PogoInterceptableSite.callCurrent(PogoInterceptableSite.java:57)
at org.codehaus.groovy.runtime.callsite.CallSiteArray.defaultCallCurrent(CallSiteArray.java:49)
at org.codehaus.groovy.runtime.callsite.AbstractCallSite.callCurrent(AbstractCallSite.java:171)
at org.codehaus.groovy.runtime.callsite.AbstractCallSite.callCurrent(AbstractCallSite.java:203)
at io.restassured.internal.RequestSpecificationImpl.post(RequestSpecificationImpl.groovy:176)
at io.restassured.internal.RequestSpecificationImpl.post(RequestSpecificationImpl.groovy)
at iLMSActions.casemodule.CreateCase.caseCreate(CreateCase.java:48)
at iLMSActions.casemodule.CreateCaseActions.nullCaseNumber(CreateCaseActions.java:92)
at case_module.CaseCreate.nullCaseNumber(CaseCreate.java:96)
at java.base/jdk.internal.reflect.NativeMethodAccessorImpl.invoke0(Native Method)
at java.base/jdk.internal.reflect.NativeMethodAccessorImpl.invoke(NativeMethodAccessorImpl.java:62)
at java.base/jdk.internal.reflect.DelegatingMethodAccessorImpl.invoke(DelegatingMethodAccessorImpl.java:43)
at java.base/java.lang.reflect.Method.invoke(Method.java:566)
at org.testng.internal.invokers.MethodInvocationHelper.invokeMethod(MethodInvocationHelper.java:139)
at org.testng.internal.invokers.TestInvoker.invokeMethod(TestInvoker.java:677)
at org.testng.internal.invokers.TestInvoker.invokeTestMethod(TestInvoker.java:221)
at org.testng.internal.invokers.MethodRunner.runInSequence(MethodRunner.java:50)
at org.testng.internal.invokers.TestInvoker$MethodInvocationAgent.invoke(TestInvoker.java:962)
at org.testng.internal.invokers.TestInvoker.invokeTestMethods(TestInvoker.java:194)
at org.testng.internal.invokers.TestMethodWorker.invokeTestMethods(TestMethodWorker.java:148)
at org.testng.internal.invokers.TestMethodWorker.run(TestMethodWorker.java:128)
at java.base/java.util.ArrayList.forEach(ArrayList.java:1541)
at org.testng.TestRunner.privateRun(TestRunner.java:806)
at org.testng.TestRunner.run(TestRunner.java:601)
at org.testng.SuiteRunner.runTest(SuiteRunner.java:433)
at org.testng.SuiteRunner.runSequentially(SuiteRunner.java:427)
at org.testng.SuiteRunner.privateRun(SuiteRunner.java:387)
at org.testng.SuiteRunner.run(SuiteRunner.java:330)
at org.testng.SuiteRunnerWorker.runSuite(SuiteRunnerWorker.java:52)
at org.testng.SuiteRunnerWorker.run(SuiteRunnerWorker.java:95)
at org.testng.TestNG.runSuitesSequentially(TestNG.java:1256)
at org.testng.TestNG.runSuitesLocally(TestNG.java:1176)
at org.testng.TestNG.runSuites(TestNG.java:1099)
at org.testng.TestNG.run(TestNG.java:1067)
at org.apache.maven.surefire.testng.TestNGExecutor.run(TestNGExecutor.java:324)
at org.apache.maven.surefire.testng.TestNGXmlTestSuite.execute(TestNGXmlTestSuite.java:74)
at org.apache.maven.surefire.testng.TestNGProvider.invoke(TestNGProvider.java:123)
at org.apache.maven.surefire.booter.ForkedBooter.runSuitesInProcess(ForkedBooter.java:456)
at org.apache.maven.surefire.booter.ForkedBooter.execute(ForkedBooter.java:169)
at org.apache.maven.surefire.booter.ForkedBooter.run(ForkedBooter.java:595)
at org.apache.maven.surefire.booter.ForkedBooter.main(ForkedBooter.java:581)
]]>
    </failure>
  </testcase> <!-- nullCaseNumber -->
  <testcase classname="case_module.CaseCreate" name="nullPetitionerFirstName" time="0.0">
    <ignored/>
  </testcase> <!-- nullPetitionerFirstName -->
  <testcase classname="case_module.CaseCreate" name="emptyCaseNumber" time="0.0">
    <ignored/>
  </testcase> <!-- emptyCaseNumber -->
  <testcase classname="case_module.CaseCreate" name="nullFirstHearingDate" time="0.0">
    <ignored/>
  </testcase> <!-- nullFirstHearingDate -->
  <testcase classname="case_module.CaseCreate" name="emptyFilingNumber" time="0.0">
    <ignored/>
  </testcase> <!-- emptyFilingNumber -->
  <testcase classname="case_module.CaseCreate" name="nullCaseYear" time="0.0">
    <ignored/>
  </testcase> <!-- nullCaseYear -->
  <testcase classname="case_module.CaseCreate" name="emptyCaseType" time="0.0">
    <ignored/>
  </testcase> <!-- emptyCaseType -->
  <testcase classname="case_module.CaseCreate" name="createParentCaseWithValidData" time="0.0">
    <ignored/>
  </testcase> <!-- createParentCaseWithValidData -->
  <testcase classname="case_module.CaseCreate" name="nullRespondentFirstName" time="0.0">
    <ignored/>
  </testcase> <!-- nullRespondentFirstName -->
  <testcase classname="case_module.CaseCreate" name="nullRespondentAdvocateContactNumber" time="0.0">
    <ignored/>
  </testcase> <!-- nullRespondentAdvocateContactNumber -->
  <testcase classname="case_module.CaseCreate" name="nullActName" time="0.0">
    <ignored/>
  </testcase> <!-- nullActName -->
  <testcase classname="case_module.CaseCreate" name="emptyRespondentLastName" time="0.0">
    <ignored/>
  </testcase> <!-- emptyRespondentLastName -->
  <testcase classname="case_module.CaseCreate" name="nullCaseType" time="0.0">
    <ignored/>
  </testcase> <!-- nullCaseType -->
  <testcase classname="case_module.CaseCreate" name="emptyPetitionerAdvocateContactNumber" time="0.0">
    <ignored/>
  </testcase> <!-- emptyPetitionerAdvocateContactNumber -->
  <testcase classname="case_module.CaseCreate" name="nullPetitionerAddress" time="0.0">
    <ignored/>
  </testcase> <!-- nullPetitionerAddress -->
  <testcase classname="case_module.CaseCreate" name="emptyDepartmentName" time="0.0">
    <ignored/>
  </testcase> <!-- emptyDepartmentName -->
  <testcase classname="case_module.CaseCreate" name="nullRegistrationDate" time="0.0">
    <ignored/>
  </testcase> <!-- nullRegistrationDate -->
  <testcase classname="case_module.CaseCreate" name="nullDepartmentName" time="0.0">
    <ignored/>
  </testcase> <!-- nullDepartmentName -->
  <testcase classname="case_module.CaseCreate" name="emptyCaseCategory" time="0.0">
    <ignored/>
  </testcase> <!-- emptyCaseCategory -->
  <testcase classname="case_module.CaseCreate" name="emptyActName" time="0.0">
    <ignored/>
  </testcase> <!-- emptyActName -->
  <testcase classname="case_module.CaseCreate" name="nullPetitionerContactNumber" time="0.0">
    <ignored/>
  </testcase> <!-- nullPetitionerContactNumber -->
  <testcase classname="case_module.CaseCreate" name="emptyRespondentContactNumber" time="0.0">
    <ignored/>
  </testcase> <!-- emptyRespondentContactNumber -->
  <testcase classname="case_module.CaseCreate" name="nullPetitionerLastName" time="0.0">
    <ignored/>
  </testcase> <!-- nullPetitionerLastName -->
  <testcase classname="case_module.CaseCreate" name="emptyCaseSubStage" time="0.0">
    <ignored/>
  </testcase> <!-- emptyCaseSubStage -->
  <testcase classname="case_module.CaseCreate" name="emptyPolicyOrNonPolicyMatter" time="0.0">
    <ignored/>
  </testcase> <!-- emptyPolicyOrNonPolicyMatter -->
  <testcase classname="case_module.CaseCreate" name="nullRespondentLastName" time="0.0">
    <ignored/>
  </testcase> <!-- nullRespondentLastName -->
  <testcase classname="case_module.CaseCreate" name="nullSectionNumber" time="0.0">
    <ignored/>
  </testcase> <!-- nullSectionNumber -->
  <testcase classname="case_module.CaseCreate" name="nullFilingDate" time="0.0">
    <ignored/>
  </testcase> <!-- nullFilingDate -->
  <testcase classname="case_module.CaseCreate" name="emptyCaseStatus" time="0.0">
    <ignored/>
  </testcase> <!-- emptyCaseStatus -->
  <testcase classname="case_module.CaseCreate" name="nullCaseStatus" time="0.0">
    <ignored/>
  </testcase> <!-- nullCaseStatus -->
  <testcase classname="case_module.CaseCreate" name="invalidFirstHearingDate" time="0.0">
    <ignored/>
  </testcase> <!-- invalidFirstHearingDate -->
  <testcase classname="case_module.CaseCreate" name="nullCaseCategory" time="0.0">
    <ignored/>
  </testcase> <!-- nullCaseCategory -->
  <testcase classname="case_module.CaseCreate" name="nullRespondentAdvocateLastName" time="0.0">
    <ignored/>
  </testcase> <!-- nullRespondentAdvocateLastName -->
  <testcase classname="case_module.CaseCreate" name="nullNextHearingDate" time="0.0">
    <ignored/>
  </testcase> <!-- nullNextHearingDate -->
  <testcase classname="case_module.CaseCreate" name="emptyPetitionerType" time="0.0">
    <ignored/>
  </testcase> <!-- emptyPetitionerType -->
  <testcase classname="case_module.CaseCreate" name="nullCaseSubStage" time="0.0">
    <ignored/>
  </testcase> <!-- nullCaseSubStage -->
  <testcase classname="case_module.CaseCreate" name="emptyPetitionerContactNumber" time="0.0">
    <ignored/>
  </testcase> <!-- emptyPetitionerContactNumber -->
  <testcase classname="case_module.CaseCreate" name="falseIsCaseNumberCorrect" time="0.0">
    <ignored/>
  </testcase> <!-- falseIsCaseNumberCorrect -->
  <testcase classname="case_module.CaseCreate" name="nullRespondentDepartmentName" time="0.0">
    <ignored/>
  </testcase> <!-- nullRespondentDepartmentName -->
  <testcase classname="case_module.CaseCreate" name="nullIsCaseNumberCorrect" time="0.0">
    <ignored/>
  </testcase> <!-- nullIsCaseNumberCorrect -->
  <testcase classname="case_module.CaseCreate" name="nullFilingNumber" time="0.0">
    <ignored/>
  </testcase> <!-- nullFilingNumber -->
  <testcase classname="case_module.CaseCreate" name="emptyRespondentFirstName" time="0.0">
    <ignored/>
  </testcase> <!-- emptyRespondentFirstName -->
  <testcase classname="case_module.CaseCreate" name="emptyRespondentAdvocateContactNumber" time="0.0">
    <ignored/>
  </testcase> <!-- emptyRespondentAdvocateContactNumber -->
  <testcase classname="case_module.CaseCreate" name="emptyRecommendOic" time="0.0">
    <ignored/>
  </testcase> <!-- emptyRecommendOic -->
  <testcase classname="case_module.CaseCreate" name="emptyPetitionerFirstName" time="0.0">
    <ignored/>
  </testcase> <!-- emptyPetitionerFirstName -->
  <testcase classname="case_module.CaseCreate" name="emptyRespondentAddress" time="0.0">
    <ignored/>
  </testcase> <!-- emptyRespondentAddress -->
  <testcase classname="case_module.CaseCreate" name="emptyPetitionerAddress" time="0.0">
    <ignored/>
  </testcase> <!-- emptyPetitionerAddress -->
  <testcase classname="case_module.CaseCreate" name="emptyRespondentAdvocateLastName" time="0.0">
    <ignored/>
  </testcase> <!-- emptyRespondentAdvocateLastName -->
  <testcase classname="case_module.CaseCreate" name="emptyRespondentDepartmentName" time="0.0">
    <ignored/>
  </testcase> <!-- emptyRespondentDepartmentName -->
  <testcase classname="case_module.CaseCreate" name="nullPolicyOrNonPolicyMatter" time="0.0">
    <ignored/>
  </testcase> <!-- nullPolicyOrNonPolicyMatter -->
  <testcase classname="case_module.CaseCreate" name="emptyRespondentAdvocateFirstName" time="0.0">
    <ignored/>
  </testcase> <!-- emptyRespondentAdvocateFirstName -->
  <testcase classname="case_module.CaseCreate" name="nullPetitionerAdvocateContactNumber" time="0.0">
    <ignored/>
  </testcase> <!-- nullPetitionerAdvocateContactNumber -->
  <testcase classname="case_module.CaseCreate" name="inValidPreviousHearingDate" time="0.0">
    <ignored/>
  </testcase> <!-- inValidPreviousHearingDate -->
  <testcase classname="case_module.CaseCreate" name="nullCaseSummary" time="0.0">
    <ignored/>
  </testcase> <!-- nullCaseSummary -->
  <testcase classname="case_module.CaseCreate" name="emptyCaseSummary" time="0.0">
    <ignored/>
  </testcase> <!-- emptyCaseSummary -->
  <testcase classname="case_module.CaseCreate" name="inValidNextHearingDate" time="0.0">
    <ignored/>
  </testcase> <!-- inValidNextHearingDate -->
  <testcase classname="case_module.CaseCreate" name="nullRespondentAddress" time="0.0">
    <ignored/>
  </testcase> <!-- nullRespondentAddress -->
  <testcase classname="case_module.CaseCreate" name="nullPetitionerAdvocateFirstName" time="0.0">
    <ignored/>
  </testcase> <!-- nullPetitionerAdvocateFirstName -->
  <testcase classname="case_module.CaseCreate" name="nullRespondentAdvocateFirstName" time="0.0">
    <ignored/>
  </testcase> <!-- nullRespondentAdvocateFirstName -->
  <testcase classname="case_module.CaseCreate" name="nullRespondentContactNumber" time="0.0">
    <ignored/>
  </testcase> <!-- nullRespondentContactNumber -->
  <testcase classname="case_module.CaseCreate" name="nullRecommendOic" time="0.0">
    <ignored/>
  </testcase> <!-- nullRecommendOic -->
  <testcase classname="case_module.CaseCreate" name="emptyCaseStage" time="0.0">
    <ignored/>
  </testcase> <!-- emptyCaseStage -->
  <testcase classname="case_module.CaseCreate" name="nullCaseStage" time="0.0">
    <ignored/>
  </testcase> <!-- nullCaseStage -->
  <testcase classname="case_module.CaseCreate" name="emptyPetitionerAdvocateLastName" time="0.0">
    <ignored/>
  </testcase> <!-- emptyPetitionerAdvocateLastName -->
  <testcase classname="case_module.CaseCreate" name="emptyPetitionerAdvocateFirstName" time="0.0">
    <ignored/>
  </testcase> <!-- emptyPetitionerAdvocateFirstName -->
  <testcase classname="case_module.CaseCreate" name="nullPetitionerAdvocateLastName" time="0.0">
    <ignored/>
  </testcase> <!-- nullPetitionerAdvocateLastName -->
  <testcase classname="case_module.CaseCreate" name="emptySectionNumber" time="0.0">
    <ignored/>
  </testcase> <!-- emptySectionNumber -->
  <testcase classname="case_module.CaseCreate" name="nullPetitionerType" time="0.0">
    <ignored/>
  </testcase> <!-- nullPetitionerType -->
  <testcase classname="case_module.CaseCreate" name="nullPreviousHearingDate" time="0.0">
    <ignored/>
  </testcase> <!-- nullPreviousHearingDate -->
</testsuite> <!-- Piramal API Automation -->
